                     DATE
               PAGE_VIEWS
              AD_REQUESTS
     AD_REQUESTS_COVERAGE
                   CLICKS
          AD_REQUESTS_CTR
           COST_PER_CLICK
          AD_REQUESTS_RPM
                 EARNINGS
               2019-04-19
                   243114
                   692161
                   0.8475
                    24948
                    0.036
                     0.04
                     1.32
                   915.18
               2019-04-20
                   270509
                   779919
                    0.835
                    27163
                   0.0348
                     0.03
                     0.88
                   689.94
               2019-04-21
                   240330
                   697244
                   0.8585
                    25819
                    0.037
                     0.04
                     1.34
                   932.53
               2019-04-22
                   200272
                   584209
                   0.8408
                    23440
                   0.0401
                     0.03
                     1.30
                   758.58
               2019-04-23
                   184422
                   493974
                   0.8122
                    17550
                   0.0355
                     0.04
                     1.27
                   627.28
               2019-04-24
                   186326
                   525722
                   0.8951
                    24249
                   0.0461
                     0.03
                     1.38
                   726.92
               2019-04-25
                   174822
                   494575
                   0.8873
                    21083
                   0.0426
                     0.03
                     1.07
                   527.15
               2019-04-26
                   131498
                   373130
                   0.8872
                    16284
                   0.0436
                     0.03
                     1.34
                   499.48
